{
  message: 'Registering user with email: nil@1.com',
  level: 'info',
  service: 'identity-service',
  timestamp: '2025-02-15T18:48:40.722Z'
}
{
  message: 'Registering user with email in Service: nil@1.com',
  level: 'info',
  service: 'identity-service',
  timestamp: '2025-02-15T18:48:40.724Z'
}
{
  message: 'Error validating user request body with email in Service: nil@1.com',
  level: 'error',
  service: 'identity-service',
  timestamp: '2025-02-15T18:48:40.729Z'
}
{
  message: 'Error registering user with email in Service: nil@1.com',
  level: 'error',
  service: 'identity-service',
  timestamp: '2025-02-15T18:48:40.729Z'
}
{
  message: 'Error registering user with email: nil@1.com',
  level: 'error',
  service: 'identity-service',
  timestamp: '2025-02-15T18:48:40.730Z'
}
{
  message: 'Registering user with email: nil@1.com',
  level: 'info',
  service: 'identity-service',
  timestamp: '2025-02-15T18:52:42.547Z'
}
{
  message: 'Registering user with email in Service: nil@1.com',
  level: 'info',
  service: 'identity-service',
  timestamp: '2025-02-15T18:52:42.549Z'
}
{
  message: 'Error registering user with email in Service: nil@1.com',
  level: 'error',
  service: 'identity-service',
  timestamp: '2025-02-15T18:52:42.749Z'
}
{
  message: 'Error registering user with email: nil@1.com',
  level: 'error',
  service: 'identity-service',
  timestamp: '2025-02-15T18:52:42.750Z'
}
{
  message: 'Registering user with email: nil@1.com',
  level: 'info',
  service: 'identity-service',
  timestamp: '2025-02-15T18:56:26.652Z'
}
{
  message: 'Registering user with email in Service: nil@1.com',
  level: 'info',
  service: 'identity-service',
  timestamp: '2025-02-15T18:56:26.653Z'
}
{
  message: 'Error registering user with email in Service: nil@1.com',
  level: 'error',
  service: 'identity-service',
  timestamp: '2025-02-15T18:56:26.699Z'
}
{
  message: 'Error registering user with email: nil@1.com',
  level: 'error',
  service: 'identity-service',
  timestamp: '2025-02-15T18:56:26.700Z'
}
{
  message: 'Registering user with email: nil@1.com',
  level: 'info',
  service: 'identity-service',
  timestamp: '2025-02-15T19:02:09.767Z'
}
{
  message: 'Registering user with email in Service: nil@1.com',
  level: 'info',
  service: 'identity-service',
  timestamp: '2025-02-15T19:02:09.769Z'
}
{
  message: 'Error registering user with email in Service: nil@1.com',
  level: 'error',
  service: 'identity-service',
  timestamp: '2025-02-15T19:02:09.822Z'
}
{
  message: 'Error registering user with email: nil@1.com',
  level: 'error',
  service: 'identity-service',
  timestamp: '2025-02-15T19:02:09.822Z'
}
{
  message: 'Registering user with email: nil@1.com',
  level: 'info',
  service: 'identity-service',
  timestamp: '2025-02-15T19:02:10.785Z'
}
{
  message: 'Registering user with email in Service: nil@1.com',
  level: 'info',
  service: 'identity-service',
  timestamp: '2025-02-15T19:02:10.785Z'
}
{
  message: 'Error registering user with email in Service: nil@1.com',
  level: 'error',
  service: 'identity-service',
  timestamp: '2025-02-15T19:02:10.830Z'
}
{
  message: 'Error registering user with email: nil@1.com',
  level: 'error',
  service: 'identity-service',
  timestamp: '2025-02-15T19:02:10.830Z'
}
{
  message: 'Registering user with email: nil@1.com',
  level: 'info',
  service: 'identity-service',
  timestamp: '2025-02-15T19:02:36.970Z'
}
{
  message: 'Registering user with email in Service: nil@1.com',
  level: 'info',
  service: 'identity-service',
  timestamp: '2025-02-15T19:02:36.971Z'
}
{
  message: 'Error registering user with email in Service: nil@1.com',
  level: 'error',
  service: 'identity-service',
  timestamp: '2025-02-15T19:02:37.152Z'
}
{
  message: 'Error registering user with email: nil@1.com',
  level: 'error',
  service: 'identity-service',
  timestamp: '2025-02-15T19:02:37.153Z'
}
{
  message: 'Registering user with email: nil@1.com',
  level: 'info',
  service: 'identity-service',
  timestamp: '2025-02-15T19:04:22.235Z'
}
{
  message: 'Registering user with email in Service: nil@1.com',
  level: 'info',
  service: 'identity-service',
  timestamp: '2025-02-15T19:04:22.238Z'
}
{
  message: 'Access token and refresh token generated successfully',
  level: 'info',
  service: 'identity-service',
  timestamp: '2025-02-15T19:04:22.454Z'
}
{
  message: 'User registered with email: nil@1.com',
  level: 'info',
  service: 'identity-service',
  timestamp: '2025-02-15T19:04:22.454Z'
}
{
  message: 'Registering user with email: nil@1.com',
  level: 'info',
  service: 'identity-service',
  timestamp: '2025-02-16T03:16:16.585Z'
}
{
  message: 'Registering user with email in Service: nil@1.com',
  level: 'info',
  service: 'identity-service',
  timestamp: '2025-02-16T03:16:16.587Z'
}
{
  message: 'Access token and refresh token generated successfully',
  level: 'info',
  service: 'identity-service',
  timestamp: '2025-02-16T03:16:16.823Z'
}
{
  message: 'User registered with email: nil@1.com',
  level: 'info',
  service: 'identity-service',
  timestamp: '2025-02-16T03:16:16.823Z'
}
{
  message: 'Registering user with email: nil@1.com',
  level: 'info',
  service: 'identity-service',
  timestamp: '2025-02-16T03:16:21.997Z'
}
{
  message: 'Registering user with email in Service: nil@1.com',
  level: 'info',
  service: 'identity-service',
  timestamp: '2025-02-16T03:16:21.998Z'
}
{
  message: 'Error registering user with email in Service: nil@1.com',
  level: 'error',
  service: 'identity-service',
  timestamp: '2025-02-16T03:16:22.039Z'
}
{
  message: 'Error registering user with email: nil@1.com',
  level: 'error',
  service: 'identity-service',
  timestamp: '2025-02-16T03:16:22.039Z'
}
{
  message: 'Registering user with email: nil@1.com',
  level: 'info',
  service: 'identity-service',
  timestamp: '2025-02-16T03:16:59.868Z'
}
{
  message: 'Registering user with email in Service: nil@1.com',
  level: 'info',
  service: 'identity-service',
  timestamp: '2025-02-16T03:16:59.868Z'
}
{
  message: 'Error validating user request body with email in Service: nil@1.com',
  level: 'error',
  service: 'identity-service',
  timestamp: '2025-02-16T03:16:59.870Z'
}
{
  message: 'Error registering user with email in Service: nil@1.com',
  level: 'error',
  service: 'identity-service',
  timestamp: '2025-02-16T03:16:59.870Z'
}
{
  message: 'Error registering user with email: nil@1.com',
  level: 'error',
  service: 'identity-service',
  timestamp: '2025-02-16T03:16:59.870Z'
}
{
  message: 'Registering user with email: nil@1.com',
  level: 'info',
  service: 'identity-service',
  timestamp: '2025-02-16T03:17:10.763Z'
}
{
  message: 'Registering user with email in Service: nil@1.com',
  level: 'info',
  service: 'identity-service',
  timestamp: '2025-02-16T03:17:10.763Z'
}
{
  message: 'Error validating user request body with email in Service: nil@1.com',
  level: 'error',
  service: 'identity-service',
  timestamp: '2025-02-16T03:17:10.764Z'
}
{
  message: 'Error registering user with email in Service: nil@1.com',
  level: 'error',
  service: 'identity-service',
  timestamp: '2025-02-16T03:17:10.764Z'
}
{
  message: 'Error registering user with email: nil@1.com',
  level: 'error',
  service: 'identity-service',
  timestamp: '2025-02-16T03:17:10.764Z'
}
{
  message: 'Registering user with email: nil@1.com',
  level: 'info',
  service: 'identity-service',
  timestamp: '2025-02-16T03:17:24.923Z'
}
{
  message: 'Registering user with email in Service: nil@1.com',
  level: 'info',
  service: 'identity-service',
  timestamp: '2025-02-16T03:17:24.923Z'
}
{
  message: 'Error validating user request body with email in Service: nil@1.com',
  level: 'error',
  service: 'identity-service',
  timestamp: '2025-02-16T03:17:24.924Z'
}
{
  message: 'Error registering user with email in Service: nil@1.com',
  level: 'error',
  service: 'identity-service',
  timestamp: '2025-02-16T03:17:24.924Z'
}
{
  message: 'Error registering user with email: nil@1.com',
  level: 'error',
  service: 'identity-service',
  timestamp: '2025-02-16T03:17:24.924Z'
}
{
  message: 'Registering user with email: nil@1.com',
  level: 'info',
  service: 'identity-service',
  timestamp: '2025-02-16T03:17:29.273Z'
}
{
  message: 'Registering user with email in Service: nil@1.com',
  level: 'info',
  service: 'identity-service',
  timestamp: '2025-02-16T03:17:29.274Z'
}
{
  message: 'Access token and refresh token generated successfully',
  level: 'info',
  service: 'identity-service',
  timestamp: '2025-02-16T03:17:29.468Z'
}
{
  message: 'User registered with email: nil@1.com',
  level: 'info',
  service: 'identity-service',
  timestamp: '2025-02-16T03:17:29.469Z'
}
{
  message: 'Received POST request to /api/v1/auth/register',
  level: 'info',
  service: 'identity-service',
  timestamp: '2025-02-16T03:58:49.554Z'
}
{
  message: 'Request body, [object Object]',
  level: 'info',
  service: 'identity-service',
  timestamp: '2025-02-16T03:58:49.557Z'
}
{
  message: 'Registering user with email: nil@1.com',
  level: 'info',
  service: 'identity-service',
  timestamp: '2025-02-16T03:58:49.567Z'
}
{
  message: 'Registering user with email in Service: nil@1.com',
  level: 'info',
  service: 'identity-service',
  timestamp: '2025-02-16T03:58:49.568Z'
}
{
  message: 'Access token and refresh token generated successfully',
  level: 'info',
  service: 'identity-service',
  timestamp: '2025-02-16T03:58:49.828Z'
}
{
  message: 'User registered with email: nil@1.com',
  level: 'info',
  service: 'identity-service',
  timestamp: '2025-02-16T03:58:49.828Z'
}
{
  message: 'Received POST request to /api/v1/auth/register',
  level: 'info',
  service: 'identity-service',
  timestamp: '2025-02-16T03:58:55.159Z'
}
{
  message: 'Request body, [object Object]',
  level: 'info',
  service: 'identity-service',
  timestamp: '2025-02-16T03:58:55.160Z'
}
{
  message: 'Registering user with email: nil@1.com',
  level: 'info',
  service: 'identity-service',
  timestamp: '2025-02-16T03:58:55.161Z'
}
{
  message: 'Registering user with email in Service: nil@1.com',
  level: 'info',
  service: 'identity-service',
  timestamp: '2025-02-16T03:58:55.161Z'
}
{
  message: 'Error registering user with email in Service: nil@1.com',
  level: 'error',
  service: 'identity-service',
  timestamp: '2025-02-16T03:58:55.207Z'
}
{
  message: 'Error registering user with email: nil@1.com',
  level: 'error',
  service: 'identity-service',
  timestamp: '2025-02-16T03:58:55.207Z'
}
{
  message: 'Received POST request to /api/v1/auth/register',
  level: 'info',
  service: 'identity-service',
  timestamp: '2025-02-16T08:26:08.663Z'
}
{
  message: 'Request body, [object Object]',
  level: 'info',
  service: 'identity-service',
  timestamp: '2025-02-16T08:26:08.665Z'
}
{
  message: 'Registering user with email: nil@1.com',
  level: 'info',
  service: 'identity-service',
  timestamp: '2025-02-16T08:26:08.668Z'
}
{
  message: 'Registering user with email in Service: nil@1.com',
  level: 'info',
  service: 'identity-service',
  timestamp: '2025-02-16T08:26:08.669Z'
}
{
  message: 'Error registering user with email in Service: nil@1.com',
  level: 'error',
  service: 'identity-service',
  timestamp: '2025-02-16T08:26:08.724Z'
}
{
  message: 'Error registering user with email: nil@1.com',
  level: 'error',
  service: 'identity-service',
  timestamp: '2025-02-16T08:26:08.725Z'
}
{
  message: 'Received POST request to /api/v1/auth/login',
  level: 'info',
  service: 'identity-service',
  timestamp: '2025-02-16T09:15:18.082Z'
}
{
  message: 'Request body, [object Object]',
  level: 'info',
  service: 'identity-service',
  timestamp: '2025-02-16T09:15:18.088Z'
}
{
  message: 'Received POST request to /api/v1/auth/login',
  level: 'info',
  service: 'identity-service',
  timestamp: '2025-02-16T09:15:58.823Z'
}
{
  message: 'Request body, [object Object]',
  level: 'info',
  service: 'identity-service',
  timestamp: '2025-02-16T09:15:58.826Z'
}
{
  message: 'Logging in user with email: nil@1.com',
  level: 'info',
  service: 'identity-service',
  timestamp: '2025-02-16T09:15:58.828Z'
}
{
  message: 'Logging in user with email in Service: nil@1.com',
  level: 'info',
  service: 'identity-service',
  timestamp: '2025-02-16T09:15:58.828Z'
}
{
  message: 'Access token and refresh token generated successfully',
  level: 'info',
  service: 'identity-service',
  timestamp: '2025-02-16T09:15:59.088Z'
}
{
  message: 'User logged in with email: nil@1.com',
  level: 'info',
  service: 'identity-service',
  timestamp: '2025-02-16T09:15:59.089Z'
}
{
  message: 'Received POST request to /api/v1/auth/login',
  level: 'info',
  service: 'identity-service',
  timestamp: '2025-02-16T09:18:55.941Z'
}
{
  message: 'Request body, [object Object]',
  level: 'info',
  service: 'identity-service',
  timestamp: '2025-02-16T09:18:55.943Z'
}
{
  message: 'Logging in user with email: nil@1.com',
  level: 'info',
  service: 'identity-service',
  timestamp: '2025-02-16T09:18:55.946Z'
}
{
  message: 'Logging in user with email in Service: nil@1.com',
  level: 'info',
  service: 'identity-service',
  timestamp: '2025-02-16T09:18:55.946Z'
}
{
  message: 'Attempting to login user with email: nil@1.com',
  level: 'info',
  service: 'identity-service',
  timestamp: '2025-02-16T09:18:55.949Z'
}
{
  message: 'Received POST request to /api/v1/auth/login',
  level: 'info',
  service: 'identity-service',
  timestamp: '2025-02-16T09:19:13.113Z'
}
{
  message: 'Request body, [object Object]',
  level: 'info',
  service: 'identity-service',
  timestamp: '2025-02-16T09:19:13.115Z'
}
{
  message: 'Logging in user with email: nil@1.com',
  level: 'info',
  service: 'identity-service',
  timestamp: '2025-02-16T09:19:13.119Z'
}
{
  message: 'Logging in user with email in Service: nil@1.com',
  level: 'info',
  service: 'identity-service',
  timestamp: '2025-02-16T09:19:13.120Z'
}
{
  message: 'Attempting to login user with email: nil@1.com',
  level: 'info',
  service: 'identity-service',
  timestamp: '2025-02-16T09:19:13.123Z'
}
{
  message: 'Access token and refresh token generated successfully',
  level: 'info',
  service: 'identity-service',
  timestamp: '2025-02-16T09:19:13.327Z'
}
{
  message: 'User logged in successfully with email: nil@1.com',
  level: 'info',
  service: 'identity-service',
  timestamp: '2025-02-16T09:19:13.327Z'
}
{
  message: 'User logged in with email: nil@1.com',
  level: 'info',
  service: 'identity-service',
  timestamp: '2025-02-16T09:19:13.328Z'
}
{
  message: 'Received POST request to /api/v1/auth/login',
  level: 'info',
  service: 'identity-service',
  timestamp: '2025-02-16T09:42:55.536Z'
}
{
  message: 'Request body, [object Object]',
  level: 'info',
  service: 'identity-service',
  timestamp: '2025-02-16T09:42:55.538Z'
}
{
  message: 'Logging in user with email: nil@1.com',
  level: 'info',
  service: 'identity-service',
  timestamp: '2025-02-16T09:42:55.540Z'
}
{
  message: 'Logging in user with email in Service: nil@1.com',
  level: 'info',
  service: 'identity-service',
  timestamp: '2025-02-16T09:42:55.541Z'
}
{
  message: 'Attempting to login user with email: nil@1.com',
  level: 'info',
  service: 'identity-service',
  timestamp: '2025-02-16T09:42:55.544Z'
}
{
  message: 'Access token and refresh token generated successfully',
  level: 'info',
  service: 'identity-service',
  timestamp: '2025-02-16T09:42:55.807Z'
}
{
  message: 'User logged in successfully with email: nil@1.com',
  level: 'info',
  service: 'identity-service',
  timestamp: '2025-02-16T09:42:55.807Z'
}
{
  message: 'User logged in with email: nil@1.com',
  level: 'info',
  service: 'identity-service',
  timestamp: '2025-02-16T09:42:55.808Z'
}
{
  message: 'Received PUT request to /api/v1/auth/refresh-token',
  level: 'info',
  service: 'identity-service',
  timestamp: '2025-02-16T09:45:09.788Z'
}
{
  message: 'Request body, [object Object]',
  level: 'info',
  service: 'identity-service',
  timestamp: '2025-02-16T09:45:09.791Z'
}
{
  message: 'Received POST request to /api/v1/auth/refresh-token',
  level: 'info',
  service: 'identity-service',
  timestamp: '2025-02-16T09:45:15.142Z'
}
{
  message: 'Request body, [object Object]',
  level: 'info',
  service: 'identity-service',
  timestamp: '2025-02-16T09:45:15.142Z'
}
{
  message: 'Refreshing token for user with email: nil@1.com',
  level: 'info',
  service: 'identity-service',
  timestamp: '2025-02-16T09:45:15.144Z'
}
{
  message: 'Refreshing token with refreshToken in Service',
  level: 'info',
  service: 'identity-service',
  timestamp: '2025-02-16T09:45:15.144Z'
}
{
  message: 'Access token and refresh token generated successfully',
  level: 'info',
  service: 'identity-service',
  timestamp: '2025-02-16T09:45:15.885Z'
}
{
  message: 'User refresh token has been refreshed successfully: nil@1.com',
  level: 'info',
  service: 'identity-service',
  timestamp: '2025-02-16T09:45:15.886Z'
}
{
  message: 'Token refreshed for user with email: nil@1.com',
  level: 'info',
  service: 'identity-service',
  timestamp: '2025-02-16T09:45:15.886Z'
}
{
  message: 'Received POST request to /api/v1/auth/refresh-token',
  level: 'info',
  service: 'identity-service',
  timestamp: '2025-02-16T09:45:44.036Z'
}
{
  message: 'Request body, [object Object]',
  level: 'info',
  service: 'identity-service',
  timestamp: '2025-02-16T09:45:44.039Z'
}
{
  message: 'Refreshing token for user with email: nil@1.com',
  level: 'info',
  service: 'identity-service',
  timestamp: '2025-02-16T09:45:44.042Z'
}
{
  message: 'Refreshing token with refreshToken in Service',
  level: 'info',
  service: 'identity-service',
  timestamp: '2025-02-16T09:45:44.042Z'
}
{
  message: 'Refresh token not found for user with email: nil@1.com',
  level: 'error',
  service: 'identity-service',
  timestamp: '2025-02-16T09:45:44.127Z'
}
{
  message: 'Error refreshing token with refreshToken in Service',
  level: 'error',
  service: 'identity-service',
  timestamp: '2025-02-16T09:45:44.128Z'
}
{
  message: 'Error refreshing token for user with email: nil@1.com',
  level: 'error',
  service: 'identity-service',
  timestamp: '2025-02-16T09:45:44.129Z'
}
{
  message: 'Received POST request to /api/v1/auth/login',
  level: 'info',
  service: 'identity-service',
  timestamp: '2025-02-16T09:45:48.677Z'
}
{
  message: 'Request body, [object Object]',
  level: 'info',
  service: 'identity-service',
  timestamp: '2025-02-16T09:45:48.678Z'
}
{
  message: 'Logging in user with email: nil@1.com',
  level: 'info',
  service: 'identity-service',
  timestamp: '2025-02-16T09:45:48.679Z'
}
{
  message: 'Logging in user with email in Service: nil@1.com',
  level: 'info',
  service: 'identity-service',
  timestamp: '2025-02-16T09:45:48.679Z'
}
{
  message: 'Attempting to login user with email: nil@1.com',
  level: 'info',
  service: 'identity-service',
  timestamp: '2025-02-16T09:45:48.680Z'
}
{
  message: 'Access token and refresh token generated successfully',
  level: 'info',
  service: 'identity-service',
  timestamp: '2025-02-16T09:45:48.911Z'
}
{
  message: 'User logged in successfully with email: nil@1.com',
  level: 'info',
  service: 'identity-service',
  timestamp: '2025-02-16T09:45:48.912Z'
}
{
  message: 'User logged in with email: nil@1.com',
  level: 'info',
  service: 'identity-service',
  timestamp: '2025-02-16T09:45:48.912Z'
}
{
  message: 'Received POST request to /api/v1/auth/refresh-token',
  level: 'info',
  service: 'identity-service',
  timestamp: '2025-02-16T09:46:02.593Z'
}
{
  message: 'Request body, [object Object]',
  level: 'info',
  service: 'identity-service',
  timestamp: '2025-02-16T09:46:02.593Z'
}
{
  message: 'Refreshing token for user with email: nil@1.com',
  level: 'info',
  service: 'identity-service',
  timestamp: '2025-02-16T09:46:02.594Z'
}
{
  message: 'Refreshing token with refreshToken in Service',
  level: 'info',
  service: 'identity-service',
  timestamp: '2025-02-16T09:46:02.595Z'
}
{
  message: 'Access token and refresh token generated successfully',
  level: 'info',
  service: 'identity-service',
  timestamp: '2025-02-16T09:46:02.820Z'
}
{
  message: 'User refresh token has been refreshed successfully: nil@1.com',
  level: 'info',
  service: 'identity-service',
  timestamp: '2025-02-16T09:46:02.821Z'
}
{
  message: 'Token refreshed for user with email: nil@1.com',
  level: 'info',
  service: 'identity-service',
  timestamp: '2025-02-16T09:46:02.821Z'
}
{
  message: 'Received POST request to /api/v1/auth/login',
  level: 'info',
  service: 'identity-service',
  timestamp: '2025-02-16T09:56:50.816Z'
}
{
  message: 'Request body, [object Object]',
  level: 'info',
  service: 'identity-service',
  timestamp: '2025-02-16T09:56:50.818Z'
}
{
  message: 'Logging in user with email: nil@1.com',
  level: 'info',
  service: 'identity-service',
  timestamp: '2025-02-16T09:56:50.821Z'
}
{
  message: 'Logging in user with email in Service: nil@1.com',
  level: 'info',
  service: 'identity-service',
  timestamp: '2025-02-16T09:56:50.821Z'
}
{
  message: 'Attempting to login user with email: nil@1.com',
  level: 'info',
  service: 'identity-service',
  timestamp: '2025-02-16T09:56:50.825Z'
}
{
  message: 'Access token and refresh token generated successfully',
  level: 'info',
  service: 'identity-service',
  timestamp: '2025-02-16T09:56:51.110Z'
}
{
  message: 'User logged in successfully with email: nil@1.com',
  level: 'info',
  service: 'identity-service',
  timestamp: '2025-02-16T09:56:51.111Z'
}
{
  message: 'User logged in with email: nil@1.com',
  level: 'info',
  service: 'identity-service',
  timestamp: '2025-02-16T09:56:51.112Z'
}
{
  message: 'Received POST request to /api/v1/auth/logout',
  level: 'info',
  service: 'identity-service',
  timestamp: '2025-02-16T09:57:42.499Z'
}
{
  message: 'Request body, [object Object]',
  level: 'info',
  service: 'identity-service',
  timestamp: '2025-02-16T09:57:42.500Z'
}
{
  message: 'Received POST request to /api/v1/auth/logout',
  level: 'info',
  service: 'identity-service',
  timestamp: '2025-02-16T09:58:02.270Z'
}
{
  message: 'Request body, [object Object]',
  level: 'info',
  service: 'identity-service',
  timestamp: '2025-02-16T09:58:02.273Z'
}
{
  message: 'Logging out user with email: nil@1.com',
  level: 'info',
  service: 'identity-service',
  timestamp: '2025-02-16T09:58:02.280Z'
}
{
  message: 'Error logging out user with email: nil@1.com',
  level: 'error',
  service: 'identity-service',
  timestamp: '2025-02-16T09:58:02.281Z'
}
{
  message: 'Received POST request to /api/v1/auth/logout',
  level: 'info',
  service: 'identity-service',
  timestamp: '2025-02-16T09:58:23.408Z'
}
{
  message: 'Request body, [object Object]',
  level: 'info',
  service: 'identity-service',
  timestamp: '2025-02-16T09:58:23.410Z'
}
{
  message: 'Logging out user with email: nil@1.com',
  level: 'info',
  service: 'identity-service',
  timestamp: '2025-02-16T09:58:23.414Z'
}
{
  message: 'Logging out user with email in Service: nil@1.com',
  level: 'info',
  service: 'identity-service',
  timestamp: '2025-02-16T09:58:23.414Z'
}
{
  message: 'User logged out successfully: nil@1.com',
  level: 'info',
  service: 'identity-service',
  timestamp: '2025-02-16T09:58:23.554Z'
}
{
  message: 'User logged out with email: nil@1.com',
  level: 'info',
  service: 'identity-service',
  timestamp: '2025-02-16T09:58:23.555Z'
}
{
  message: 'Received POST request to /api/v1/auth/login',
  level: 'info',
  service: 'identity-service',
  timestamp: '2025-02-16T09:58:28.574Z'
}
{
  message: 'Request body, [object Object]',
  level: 'info',
  service: 'identity-service',
  timestamp: '2025-02-16T09:58:28.574Z'
}
{
  message: 'Logging in user with email: nil@1.com',
  level: 'info',
  service: 'identity-service',
  timestamp: '2025-02-16T09:58:28.576Z'
}
{
  message: 'Logging in user with email in Service: nil@1.com',
  level: 'info',
  service: 'identity-service',
  timestamp: '2025-02-16T09:58:28.577Z'
}
{
  message: 'Attempting to login user with email: nil@1.com',
  level: 'info',
  service: 'identity-service',
  timestamp: '2025-02-16T09:58:28.578Z'
}
{
  message: 'Access token and refresh token generated successfully',
  level: 'info',
  service: 'identity-service',
  timestamp: '2025-02-16T09:58:28.784Z'
}
{
  message: 'User logged in successfully with email: nil@1.com',
  level: 'info',
  service: 'identity-service',
  timestamp: '2025-02-16T09:58:28.784Z'
}
{
  message: 'User logged in with email: nil@1.com',
  level: 'info',
  service: 'identity-service',
  timestamp: '2025-02-16T09:58:28.785Z'
}
{
  message: 'Received POST request to /api/v1/auth/logout',
  level: 'info',
  service: 'identity-service',
  timestamp: '2025-02-16T09:58:44.275Z'
}
{
  message: 'Request body, [object Object]',
  level: 'info',
  service: 'identity-service',
  timestamp: '2025-02-16T09:58:44.276Z'
}
{
  message: 'Logging out user with email: nil@1.com',
  level: 'info',
  service: 'identity-service',
  timestamp: '2025-02-16T09:58:44.277Z'
}
{
  message: 'Logging out user with email in Service: nil@1.com',
  level: 'info',
  service: 'identity-service',
  timestamp: '2025-02-16T09:58:44.277Z'
}
{
  message: 'User logged out successfully: nil@1.com',
  level: 'info',
  service: 'identity-service',
  timestamp: '2025-02-16T09:58:44.399Z'
}
{
  message: 'User logged out with email: nil@1.com',
  level: 'info',
  service: 'identity-service',
  timestamp: '2025-02-16T09:58:44.399Z'
}
{
  message: 'Received POST request to /api/v1/auth/refresh-token',
  level: 'info',
  service: 'identity-service',
  timestamp: '2025-02-16T09:58:50.438Z'
}
{
  message: 'Request body, [object Object]',
  level: 'info',
  service: 'identity-service',
  timestamp: '2025-02-16T09:58:50.438Z'
}
{
  message: 'Refreshing token for user with email: nil@1.com',
  level: 'info',
  service: 'identity-service',
  timestamp: '2025-02-16T09:58:50.439Z'
}
{
  message: 'Refreshing token with refreshToken in Service',
  level: 'info',
  service: 'identity-service',
  timestamp: '2025-02-16T09:58:50.439Z'
}
{
  message: 'Refresh token not found for user with email: nil@1.com',
  level: 'error',
  service: 'identity-service',
  timestamp: '2025-02-16T09:58:50.514Z'
}
{
  message: 'Error refreshing token with refreshToken in Service',
  level: 'error',
  service: 'identity-service',
  timestamp: '2025-02-16T09:58:50.514Z'
}
{
  message: 'Error refreshing token for user with email: nil@1.com',
  level: 'error',
  service: 'identity-service',
  timestamp: '2025-02-16T09:58:50.514Z'
}
{
  message: 'Received POST request to /api/v1/auth/refresh-token',
  level: 'info',
  service: 'identity-service',
  timestamp: '2025-02-16T09:58:58.315Z'
}
{
  message: 'Request body, [object Object]',
  level: 'info',
  service: 'identity-service',
  timestamp: '2025-02-16T09:58:58.315Z'
}
{
  message: 'Refreshing token for user with email: nil@1.com',
  level: 'info',
  service: 'identity-service',
  timestamp: '2025-02-16T09:58:58.316Z'
}
{
  message: 'Refreshing token with refreshToken in Service',
  level: 'info',
  service: 'identity-service',
  timestamp: '2025-02-16T09:58:58.316Z'
}
{
  message: 'Refresh token not found for user with email: nil@1.com',
  level: 'error',
  service: 'identity-service',
  timestamp: '2025-02-16T09:58:58.407Z'
}
{
  message: 'Error refreshing token with refreshToken in Service',
  level: 'error',
  service: 'identity-service',
  timestamp: '2025-02-16T09:58:58.408Z'
}
{
  message: 'Error refreshing token for user with email: nil@1.com',
  level: 'error',
  service: 'identity-service',
  timestamp: '2025-02-16T09:58:58.409Z'
}
{
  message: 'Received POST request to /api/v1/auth/refresh-token',
  level: 'info',
  service: 'identity-service',
  timestamp: '2025-02-16T09:59:03.492Z'
}
{
  message: 'Request body, [object Object]',
  level: 'info',
  service: 'identity-service',
  timestamp: '2025-02-16T09:59:03.492Z'
}
{
  message: 'Refreshing token for user with email: nil@1.com',
  level: 'info',
  service: 'identity-service',
  timestamp: '2025-02-16T09:59:03.493Z'
}
{
  message: 'Refreshing token with refreshToken in Service',
  level: 'info',
  service: 'identity-service',
  timestamp: '2025-02-16T09:59:03.493Z'
}
{
  message: 'Error validating refresh token request body in Service: nil@1.com',
  level: 'error',
  service: 'identity-service',
  timestamp: '2025-02-16T09:59:03.495Z'
}
{
  message: 'Error refreshing token with refreshToken in Service',
  level: 'error',
  service: 'identity-service',
  timestamp: '2025-02-16T09:59:03.495Z'
}
{
  message: 'Error refreshing token for user with email: nil@1.com',
  level: 'error',
  service: 'identity-service',
  timestamp: '2025-02-16T09:59:03.495Z'
}
{
  message: 'Received POST request to /api/v1/auth/login',
  level: 'info',
  service: 'post-service',
  timestamp: '2025-02-17T18:52:06.450Z'
}
{
  message: 'Request body, [object Object]',
  level: 'info',
  service: 'post-service',
  timestamp: '2025-02-17T18:52:06.453Z'
}
{
  message: 'Logging in user with email: nil@1.com',
  level: 'info',
  service: 'post-service',
  timestamp: '2025-02-17T18:52:06.457Z'
}
{
  message: 'Logging in user with email in Service: nil@1.com',
  level: 'info',
  service: 'post-service',
  timestamp: '2025-02-17T18:52:06.457Z'
}
{
  message: 'Attempting to login user with email: nil@1.com',
  level: 'info',
  service: 'post-service',
  timestamp: '2025-02-17T18:52:06.462Z'
}
{
  message: 'Access token and refresh token generated successfully',
  level: 'info',
  service: 'post-service',
  timestamp: '2025-02-17T18:52:06.734Z'
}
{
  message: 'User logged in successfully with email: nil@1.com',
  level: 'info',
  service: 'post-service',
  timestamp: '2025-02-17T18:52:06.735Z'
}
{
  message: 'User logged in with email: nil@1.com',
  level: 'info',
  service: 'post-service',
  timestamp: '2025-02-17T18:52:06.735Z'
}
{
  message: 'Received POST request to /api/v1/auth/post',
  level: 'info',
  service: 'post-service',
  timestamp: '2025-02-17T18:52:36.597Z'
}
{
  message: 'Request body, [object Object]',
  level: 'info',
  service: 'post-service',
  timestamp: '2025-02-17T18:52:36.597Z'
}
{
  message: 'Received POST request to /api/v1/auth/login',
  level: 'info',
  service: 'post-service',
  timestamp: '2025-02-17T18:54:53.101Z'
}
{
  message: 'Request body, [object Object]',
  level: 'info',
  service: 'post-service',
  timestamp: '2025-02-17T18:54:53.102Z'
}
{
  message: 'Logging in user with email: nil@1.com',
  level: 'info',
  service: 'post-service',
  timestamp: '2025-02-17T18:54:53.104Z'
}
{
  message: 'Logging in user with email in Service: nil@1.com',
  level: 'info',
  service: 'post-service',
  timestamp: '2025-02-17T18:54:53.104Z'
}
{
  message: 'Attempting to login user with email: nil@1.com',
  level: 'info',
  service: 'post-service',
  timestamp: '2025-02-17T18:54:53.105Z'
}
{
  message: 'Access token and refresh token generated successfully',
  level: 'info',
  service: 'post-service',
  timestamp: '2025-02-17T18:54:53.422Z'
}
{
  message: 'User logged in successfully with email: nil@1.com',
  level: 'info',
  service: 'post-service',
  timestamp: '2025-02-17T18:54:53.423Z'
}
{
  message: 'User logged in with email: nil@1.com',
  level: 'info',
  service: 'post-service',
  timestamp: '2025-02-17T18:54:53.423Z'
}
{
  message: 'Received POST request to /api/v1/auth/login',
  level: 'info',
  service: 'post-service',
  timestamp: '2025-02-17T19:04:17.635Z'
}
{
  message: 'Request body, [object Object]',
  level: 'info',
  service: 'post-service',
  timestamp: '2025-02-17T19:04:17.639Z'
}
{
  message: 'Logging in user with email: nil@1.com',
  level: 'info',
  service: 'post-service',
  timestamp: '2025-02-17T19:04:17.647Z'
}
{
  message: 'Logging in user with email in Service: nil@1.com',
  level: 'info',
  service: 'post-service',
  timestamp: '2025-02-17T19:04:17.648Z'
}
{
  message: 'Attempting to login user with email: nil@1.com',
  level: 'info',
  service: 'post-service',
  timestamp: '2025-02-17T19:04:17.659Z'
}
{
  message: 'Access token and refresh token generated successfully',
  level: 'info',
  service: 'post-service',
  timestamp: '2025-02-17T19:04:18.050Z'
}
{
  message: 'User logged in successfully with email: nil@1.com',
  level: 'info',
  service: 'post-service',
  timestamp: '2025-02-17T19:04:18.051Z'
}
{
  message: 'User logged in with email: nil@1.com',
  level: 'info',
  service: 'post-service',
  timestamp: '2025-02-17T19:04:18.051Z'
}
{
  message: 'Received POST request to /api/v1/auth/login',
  level: 'info',
  service: 'post-service',
  timestamp: '2025-02-17T19:09:29.125Z'
}
{
  message: 'Request body, [object Object]',
  level: 'info',
  service: 'post-service',
  timestamp: '2025-02-17T19:09:29.126Z'
}
{
  message: 'Logging in user with email: nil@1.com',
  level: 'info',
  service: 'post-service',
  timestamp: '2025-02-17T19:09:29.127Z'
}
{
  message: 'Logging in user with email in Service: nil@1.com',
  level: 'info',
  service: 'post-service',
  timestamp: '2025-02-17T19:09:29.127Z'
}
{
  message: 'Attempting to login user with email: nil@1.com',
  level: 'info',
  service: 'post-service',
  timestamp: '2025-02-17T19:09:29.128Z'
}
{
  message: 'Access token and refresh token generated successfully',
  level: 'info',
  service: 'post-service',
  timestamp: '2025-02-17T19:09:29.426Z'
}
{
  message: 'User logged in successfully with email: nil@1.com',
  level: 'info',
  service: 'post-service',
  timestamp: '2025-02-17T19:09:29.426Z'
}
{
  message: 'User logged in with email: nil@1.com',
  level: 'info',
  service: 'post-service',
  timestamp: '2025-02-17T19:09:29.427Z'
}
{
  message: 'Received POST request to /api/v1/auth/login',
  level: 'info',
  service: 'post-service',
  timestamp: '2025-02-17T19:24:43.127Z'
}
{
  message: 'Request body, [object Object]',
  level: 'info',
  service: 'post-service',
  timestamp: '2025-02-17T19:24:43.128Z'
}
{
  message: 'Logging in user with email: nil@1.com',
  level: 'info',
  service: 'post-service',
  timestamp: '2025-02-17T19:24:43.129Z'
}
{
  message: 'Logging in user with email in Service: nil@1.com',
  level: 'info',
  service: 'post-service',
  timestamp: '2025-02-17T19:24:43.129Z'
}
{
  message: 'Attempting to login user with email: nil@1.com',
  level: 'info',
  service: 'post-service',
  timestamp: '2025-02-17T19:24:43.130Z'
}
{
  message: 'Access token and refresh token generated successfully',
  level: 'info',
  service: 'post-service',
  timestamp: '2025-02-17T19:24:43.409Z'
}
{
  message: 'User logged in successfully with email: nil@1.com',
  level: 'info',
  service: 'post-service',
  timestamp: '2025-02-17T19:24:43.410Z'
}
{
  message: 'User logged in with email: nil@1.com',
  level: 'info',
  service: 'post-service',
  timestamp: '2025-02-17T19:24:43.410Z'
}
{
  message: 'Received POST request to /api/v1/auth/login',
  level: 'info',
  service: 'post-service',
  timestamp: '2025-02-17T19:43:49.373Z'
}
{
  message: 'Request body, [object Object]',
  level: 'info',
  service: 'post-service',
  timestamp: '2025-02-17T19:43:49.377Z'
}
{
  message: 'Logging in user with email: nil@1.com',
  level: 'info',
  service: 'post-service',
  timestamp: '2025-02-17T19:43:49.380Z'
}
{
  message: 'Logging in user with email in Service: nil@1.com',
  level: 'info',
  service: 'post-service',
  timestamp: '2025-02-17T19:43:49.381Z'
}
{
  message: 'Attempting to login user with email: nil@1.com',
  level: 'info',
  service: 'post-service',
  timestamp: '2025-02-17T19:43:49.385Z'
}
{
  message: 'Received POST request to /api/v1/auth/login',
  level: 'info',
  service: 'post-service',
  timestamp: '2025-02-17T19:43:52.607Z'
}
{
  message: 'Request body, [object Object]',
  level: 'info',
  service: 'post-service',
  timestamp: '2025-02-17T19:43:52.610Z'
}
{
  message: 'Logging in user with email: nil@1.com',
  level: 'info',
  service: 'post-service',
  timestamp: '2025-02-17T19:43:52.615Z'
}
{
  message: 'Logging in user with email in Service: nil@1.com',
  level: 'info',
  service: 'post-service',
  timestamp: '2025-02-17T19:43:52.616Z'
}
{
  message: 'Attempting to login user with email: nil@1.com',
  level: 'info',
  service: 'post-service',
  timestamp: '2025-02-17T19:43:52.619Z'
}
{
  message: 'Access token and refresh token generated successfully',
  level: 'info',
  service: 'post-service',
  timestamp: '2025-02-17T19:43:52.868Z'
}
{
  message: 'User logged in successfully with email: nil@1.com',
  level: 'info',
  service: 'post-service',
  timestamp: '2025-02-17T19:43:52.868Z'
}
{
  message: 'User logged in with email: nil@1.com',
  level: 'info',
  service: 'post-service',
  timestamp: '2025-02-17T19:43:52.869Z'
}
{
  message: 'Received POST request to /api/v1/auth/login',
  level: 'info',
  service: 'post-service',
  timestamp: '2025-02-18T15:02:14.779Z'
}
{
  message: 'Request body, [object Object]',
  level: 'info',
  service: 'post-service',
  timestamp: '2025-02-18T15:02:14.787Z'
}
{
  message: 'Received POST request to /api/v1/auth/login',
  level: 'info',
  service: 'post-service',
  timestamp: '2025-02-18T15:02:33.272Z'
}
{
  message: 'Request body, [object Object]',
  level: 'info',
  service: 'post-service',
  timestamp: '2025-02-18T15:02:33.277Z'
}
{
  message: 'Logging in user with email: nil@1.com',
  level: 'info',
  service: 'post-service',
  timestamp: '2025-02-18T15:02:33.282Z'
}
{
  message: 'Logging in user with email in Service: nil@1.com',
  level: 'info',
  service: 'post-service',
  timestamp: '2025-02-18T15:02:33.283Z'
}
{
  message: 'Attempting to login user with email: nil@1.com',
  level: 'info',
  service: 'post-service',
  timestamp: '2025-02-18T15:02:33.287Z'
}
{
  message: 'Access token and refresh token generated successfully',
  level: 'info',
  service: 'post-service',
  timestamp: '2025-02-18T15:02:33.567Z'
}
{
  message: 'User logged in successfully with email: nil@1.com',
  level: 'info',
  service: 'post-service',
  timestamp: '2025-02-18T15:02:33.568Z'
}
{
  message: 'User logged in with email: nil@1.com',
  level: 'info',
  service: 'post-service',
  timestamp: '2025-02-18T15:02:33.568Z'
}
{
  message: 'Received POST request to /api/v1/auth/login',
  level: 'info',
  service: 'post-service',
  timestamp: '2025-02-18T15:07:05.734Z'
}
{
  message: 'Request body, [object Object]',
  level: 'info',
  service: 'post-service',
  timestamp: '2025-02-18T15:07:05.734Z'
}
{
  message: 'Logging in user with email: nil@1.com',
  level: 'info',
  service: 'post-service',
  timestamp: '2025-02-18T15:07:05.735Z'
}
{
  message: 'Logging in user with email in Service: nil@1.com',
  level: 'info',
  service: 'post-service',
  timestamp: '2025-02-18T15:07:05.736Z'
}
{
  message: 'Attempting to login user with email: nil@1.com',
  level: 'info',
  service: 'post-service',
  timestamp: '2025-02-18T15:07:05.736Z'
}
{
  message: 'Access token and refresh token generated successfully',
  level: 'info',
  service: 'post-service',
  timestamp: '2025-02-18T15:07:06.003Z'
}
{
  message: 'User logged in successfully with email: nil@1.com',
  level: 'info',
  service: 'post-service',
  timestamp: '2025-02-18T15:07:06.004Z'
}
{
  message: 'User logged in with email: nil@1.com',
  level: 'info',
  service: 'post-service',
  timestamp: '2025-02-18T15:07:06.004Z'
}
{
  message: 'Received POST request to /api/v1/auth/login',
  level: 'info',
  service: 'post-service',
  timestamp: '2025-02-18T15:28:34.690Z'
}
{
  message: 'Request body, [object Object]',
  level: 'info',
  service: 'post-service',
  timestamp: '2025-02-18T15:28:34.691Z'
}
{
  message: 'Logging in user with email: nil@1.com',
  level: 'info',
  service: 'post-service',
  timestamp: '2025-02-18T15:28:34.693Z'
}
{
  message: 'Logging in user with email in Service: nil@1.com',
  level: 'info',
  service: 'post-service',
  timestamp: '2025-02-18T15:28:34.693Z'
}
{
  message: 'Attempting to login user with email: nil@1.com',
  level: 'info',
  service: 'post-service',
  timestamp: '2025-02-18T15:28:34.695Z'
}
{
  message: 'Access token and refresh token generated successfully',
  level: 'info',
  service: 'post-service',
  timestamp: '2025-02-18T15:28:34.960Z'
}
{
  message: 'User logged in successfully with email: nil@1.com',
  level: 'info',
  service: 'post-service',
  timestamp: '2025-02-18T15:28:34.961Z'
}
{
  message: 'User logged in with email: nil@1.com',
  level: 'info',
  service: 'post-service',
  timestamp: '2025-02-18T15:28:34.961Z'
}
