{
  message: 'Error validating user request body with email in Service: nil@1.com',
  level: 'error',
  service: 'identity-service',
  timestamp: '2025-02-15T18:48:40.729Z'
}
{
  message: 'Error registering user with email in Service: nil@1.com',
  level: 'error',
  service: 'identity-service',
  timestamp: '2025-02-15T18:48:40.729Z'
}
{
  message: 'Error registering user with email: nil@1.com',
  level: 'error',
  service: 'identity-service',
  timestamp: '2025-02-15T18:48:40.730Z'
}
{
  message: 'Error registering user with email in Service: nil@1.com',
  level: 'error',
  service: 'identity-service',
  timestamp: '2025-02-15T18:52:42.749Z'
}
{
  message: 'Error registering user with email: nil@1.com',
  level: 'error',
  service: 'identity-service',
  timestamp: '2025-02-15T18:52:42.750Z'
}
{
  message: 'Error registering user with email in Service: nil@1.com',
  level: 'error',
  service: 'identity-service',
  timestamp: '2025-02-15T18:56:26.699Z'
}
{
  message: 'Error registering user with email: nil@1.com',
  level: 'error',
  service: 'identity-service',
  timestamp: '2025-02-15T18:56:26.700Z'
}
{
  message: 'Error registering user with email in Service: nil@1.com',
  level: 'error',
  service: 'identity-service',
  timestamp: '2025-02-15T19:02:09.822Z'
}
{
  message: 'Error registering user with email: nil@1.com',
  level: 'error',
  service: 'identity-service',
  timestamp: '2025-02-15T19:02:09.822Z'
}
{
  message: 'Error registering user with email in Service: nil@1.com',
  level: 'error',
  service: 'identity-service',
  timestamp: '2025-02-15T19:02:10.830Z'
}
{
  message: 'Error registering user with email: nil@1.com',
  level: 'error',
  service: 'identity-service',
  timestamp: '2025-02-15T19:02:10.830Z'
}
{
  message: 'Error registering user with email in Service: nil@1.com',
  level: 'error',
  service: 'identity-service',
  timestamp: '2025-02-15T19:02:37.152Z'
}
{
  message: 'Error registering user with email: nil@1.com',
  level: 'error',
  service: 'identity-service',
  timestamp: '2025-02-15T19:02:37.153Z'
}
{
  message: 'Error registering user with email in Service: nil@1.com',
  level: 'error',
  service: 'identity-service',
  timestamp: '2025-02-16T03:16:22.039Z'
}
{
  message: 'Error registering user with email: nil@1.com',
  level: 'error',
  service: 'identity-service',
  timestamp: '2025-02-16T03:16:22.039Z'
}
{
  message: 'Error validating user request body with email in Service: nil@1.com',
  level: 'error',
  service: 'identity-service',
  timestamp: '2025-02-16T03:16:59.870Z'
}
{
  message: 'Error registering user with email in Service: nil@1.com',
  level: 'error',
  service: 'identity-service',
  timestamp: '2025-02-16T03:16:59.870Z'
}
{
  message: 'Error registering user with email: nil@1.com',
  level: 'error',
  service: 'identity-service',
  timestamp: '2025-02-16T03:16:59.870Z'
}
{
  message: 'Error validating user request body with email in Service: nil@1.com',
  level: 'error',
  service: 'identity-service',
  timestamp: '2025-02-16T03:17:10.764Z'
}
{
  message: 'Error registering user with email in Service: nil@1.com',
  level: 'error',
  service: 'identity-service',
  timestamp: '2025-02-16T03:17:10.764Z'
}
{
  message: 'Error registering user with email: nil@1.com',
  level: 'error',
  service: 'identity-service',
  timestamp: '2025-02-16T03:17:10.764Z'
}
{
  message: 'Error validating user request body with email in Service: nil@1.com',
  level: 'error',
  service: 'identity-service',
  timestamp: '2025-02-16T03:17:24.924Z'
}
{
  message: 'Error registering user with email in Service: nil@1.com',
  level: 'error',
  service: 'identity-service',
  timestamp: '2025-02-16T03:17:24.924Z'
}
{
  message: 'Error registering user with email: nil@1.com',
  level: 'error',
  service: 'identity-service',
  timestamp: '2025-02-16T03:17:24.924Z'
}
{
  message: 'Error registering user with email in Service: nil@1.com',
  level: 'error',
  service: 'identity-service',
  timestamp: '2025-02-16T03:58:55.207Z'
}
{
  message: 'Error registering user with email: nil@1.com',
  level: 'error',
  service: 'identity-service',
  timestamp: '2025-02-16T03:58:55.207Z'
}
{
  message: 'Error registering user with email in Service: nil@1.com',
  level: 'error',
  service: 'identity-service',
  timestamp: '2025-02-16T08:26:08.724Z'
}
{
  message: 'Error registering user with email: nil@1.com',
  level: 'error',
  service: 'identity-service',
  timestamp: '2025-02-16T08:26:08.725Z'
}
{
  message: 'Refresh token not found for user with email: nil@1.com',
  level: 'error',
  service: 'identity-service',
  timestamp: '2025-02-16T09:45:44.127Z'
}
{
  message: 'Error refreshing token with refreshToken in Service',
  level: 'error',
  service: 'identity-service',
  timestamp: '2025-02-16T09:45:44.128Z'
}
{
  message: 'Error refreshing token for user with email: nil@1.com',
  level: 'error',
  service: 'identity-service',
  timestamp: '2025-02-16T09:45:44.129Z'
}
{
  message: 'Error logging out user with email: nil@1.com',
  level: 'error',
  service: 'identity-service',
  timestamp: '2025-02-16T09:58:02.281Z'
}
{
  message: 'Refresh token not found for user with email: nil@1.com',
  level: 'error',
  service: 'identity-service',
  timestamp: '2025-02-16T09:58:50.514Z'
}
{
  message: 'Error refreshing token with refreshToken in Service',
  level: 'error',
  service: 'identity-service',
  timestamp: '2025-02-16T09:58:50.514Z'
}
{
  message: 'Error refreshing token for user with email: nil@1.com',
  level: 'error',
  service: 'identity-service',
  timestamp: '2025-02-16T09:58:50.514Z'
}
{
  message: 'Refresh token not found for user with email: nil@1.com',
  level: 'error',
  service: 'identity-service',
  timestamp: '2025-02-16T09:58:58.407Z'
}
{
  message: 'Error refreshing token with refreshToken in Service',
  level: 'error',
  service: 'identity-service',
  timestamp: '2025-02-16T09:58:58.408Z'
}
{
  message: 'Error refreshing token for user with email: nil@1.com',
  level: 'error',
  service: 'identity-service',
  timestamp: '2025-02-16T09:58:58.409Z'
}
{
  message: 'Error validating refresh token request body in Service: nil@1.com',
  level: 'error',
  service: 'identity-service',
  timestamp: '2025-02-16T09:59:03.495Z'
}
{
  message: 'Error refreshing token with refreshToken in Service',
  level: 'error',
  service: 'identity-service',
  timestamp: '2025-02-16T09:59:03.495Z'
}
{
  message: 'Error refreshing token for user with email: nil@1.com',
  level: 'error',
  service: 'identity-service',
  timestamp: '2025-02-16T09:59:03.495Z'
}
